Determining if files linux/zaptel.h exist failed with the following output:
Change Dir: /home/arnaldo/openr2.trunk.rw/build/linux-x86_64/CMakeFiles/CMakeTmp

Run Build Command:/usr/bin/gmake "cmTryCompileExec/fast"
/usr/bin/gmake -f CMakeFiles/cmTryCompileExec.dir/build.make CMakeFiles/cmTryCompileExec.dir/build
gmake[1]: Entering directory `/home/arnaldo/openr2.trunk.rw/build/linux-x86_64/CMakeFiles/CMakeTmp'
/usr/bin/cmake -E cmake_progress_report /home/arnaldo/openr2.trunk.rw/build/linux-x86_64/CMakeFiles/CMakeTmp/CMakeFiles 1
Building C object CMakeFiles/cmTryCompileExec.dir/CheckIncludeFiles.c.o
/usr/bin/gcc    -o CMakeFiles/cmTryCompileExec.dir/CheckIncludeFiles.c.o   -c /home/arnaldo/openr2.trunk.rw/build/linux-x86_64/CMakeFiles/CMakeTmp/CheckIncludeFiles.c
/home/arnaldo/openr2.trunk.rw/build/linux-x86_64/CMakeFiles/CMakeTmp/CheckIncludeFiles.c:2:26: error: linux/zaptel.h: No such file or directory
gmake[1]: *** [CMakeFiles/cmTryCompileExec.dir/CheckIncludeFiles.c.o] Error 1
gmake[1]: Leaving directory `/home/arnaldo/openr2.trunk.rw/build/linux-x86_64/CMakeFiles/CMakeTmp'
gmake: *** [cmTryCompileExec/fast] Error 2

Source:
/* */
#include <linux/zaptel.h>


int main(){return 0;}

Determining if files zaptel/zaptel.h exist failed with the following output:
Change Dir: /home/arnaldo/openr2.trunk.rw/build/linux-x86_64/CMakeFiles/CMakeTmp

Run Build Command:/usr/bin/gmake "cmTryCompileExec/fast"
/usr/bin/gmake -f CMakeFiles/cmTryCompileExec.dir/build.make CMakeFiles/cmTryCompileExec.dir/build
gmake[1]: Entering directory `/home/arnaldo/openr2.trunk.rw/build/linux-x86_64/CMakeFiles/CMakeTmp'
/usr/bin/cmake -E cmake_progress_report /home/arnaldo/openr2.trunk.rw/build/linux-x86_64/CMakeFiles/CMakeTmp/CMakeFiles 1
Building C object CMakeFiles/cmTryCompileExec.dir/CheckIncludeFiles.c.o
/usr/bin/gcc    -o CMakeFiles/cmTryCompileExec.dir/CheckIncludeFiles.c.o   -c /home/arnaldo/openr2.trunk.rw/build/linux-x86_64/CMakeFiles/CMakeTmp/CheckIncludeFiles.c
/home/arnaldo/openr2.trunk.rw/build/linux-x86_64/CMakeFiles/CMakeTmp/CheckIncludeFiles.c:2:27: error: zaptel/zaptel.h: No such file or directory
gmake[1]: *** [CMakeFiles/cmTryCompileExec.dir/CheckIncludeFiles.c.o] Error 1
gmake[1]: Leaving directory `/home/arnaldo/openr2.trunk.rw/build/linux-x86_64/CMakeFiles/CMakeTmp'
gmake: *** [cmTryCompileExec/fast] Error 2

Source:
/* */
#include <zaptel/zaptel.h>


int main(){return 0;}

